Fri Dec 23 17:50:25 CET 2016 : Server di rete Apache Derby: 10.11.1.2 - (1629631) avviato e pronto ad accettare connessioni sulla porta 1527
----------------------------------------------------------------
Fri Dec 23 19:12:55 CET 2016:
Avvio della versione di Derby The Apache Software Foundation - Apache Derby - 10.11.1.2 - (1629631): istanza a816c00e-0159-2c97-3967-ffffc0ef4d72
sulla directory di database C:\Users\claar\Documents\NetBeansProjects\amministrazionesistema\Sito Amm\web\WEB-INF\db\ammdb con caricatore classi sun.misc.Launcher$AppClassLoader@6f94fa3e 
Caricato da file:/D:/Programmi/Java%20KIT/db/lib/derby.jar
java.vendor=Oracle Corporation
java.runtime.version=1.8.0_112-b15
user.dir=D:\Programmi\Java KIT\db
os.name=Windows 10
os.arch=amd64
os.version=10.0
derby.system.home=C:\Users\claar\Documents\NetBeansProjects\amministrazionesistema\Sito Amm\web\WEB-INF\db
Programma di caricamento classe database avviato - derby.database.classpath=''
----------------------------------------------------------------
Fri Dec 23 20:25:55 CET 2016: arresto in corso del motore di Derby
----------------------------------------------------------------
Fri Dec 23 20:25:55 CET 2016:
Arresto dell'istanza a816c00e-0159-2c97-3967-ffffc0ef4d72 nella directory del database C:\Users\claar\Documents\NetBeansProjects\amministrazionesistema\Sito Amm\web\WEB-INF\db\ammdb con il caricatore di classi sun.misc.Launcher$AppClassLoader@6f94fa3e 
----------------------------------------------------------------
